<?xml version="1.0" encoding="UTF-8"?>
<!-- Generated by org.testng.reporters.JUnitXMLReporter -->
<testsuite ignored="0" hostname="DESKTOP-UN73C2C" failures="0" tests="3" name="Default test" time="0.983" errors="0" timestamp="2025-10-31T13:25:00 IST">
  <testcase classname="datadriven.datadriven" name="testCaseData" time="0.011"/>
  <testcase classname="datadriven.datadriven" name="testCaseData" time="0.003"/>
  <testcase classname="datadriven.datadriven" name="testCaseData" time="0.006"/>
</testsuite> <!-- Default test -->
